MACRO ASSEMBLER TP3_TIMER                                   11/19/18 15:10:27 PAGE     1


WIN32 MACRO ASSEMBLER MA51 V06.04.19OBJECT MODULE PLACED IN C:\TP\PHY4501\TP\TP3_TIMER.OBJ
ASSEMBLER INVOKED BY: MA51.EXE C:\TP\PHY4501\TP\TP3_TIMER.A51 OJ(C:\TP\PHY4501\TP\TP3_TIMER.OBJ) PIN(C:\RIDE\INC;C:\RIDE\INC\51) PIN(C:\RIDE\INC\51\) EP LINES SYNTAX(ASM51) MOD51 PR(C:\TP\PHY4501\TP\TP3_TIMER.LST) XR DB PW(80) RB(0) 

LOC     OBJ           LINE    SOURCE
                         1      ;Timer_50ms
                         2      ;Faire clignoter une led avec un compteur 16 bits
                         3      ;19/11/18
                         4      
                         5      ;Déclaration des variables
                         6     
  00B0                   7     LED				BIT	P3.0
                         8     
                         9     ;Table des IT
  0000                  10     					ORG	0000H				;directive assembleur
0000    802E            11     					SJMP	DEBUT
  0030                  12     					ORG	0030H
                        13     
                        14     ;Programme principal
0030    758901          15     DEBUT: 			MOV	TMOD,#01H
                        16     							
                        17     
                        18     BOUCLE: 			
0033    758C3C          19     					MOV	TH0,#3CH			;réglage sur 50ms
0036    758AAF          20     					MOV	TL0,#0AFH
0039    D28C            21     					SETB	TR0				;démarage du timer
                        22     					
003B    308DFD          23     ATTENTE: 			JNB	TF0,ATTENTE		;attente du flag
003E    B2B0            24     					CPL	LED				;on change l'etat de la LED
0040    C28C            25     					CLR	TR0				;on arrete le timer et le flag
0042    C28D            26     					CLR	TF0
0044    80ED            27     					SJMP	BOUCLE
                        28     FIN: 					
                        29     					END
MACRO ASSEMBLER TP3_TIMER                                   11/19/18 15:10:27 PAGE     0


SYMBOL TABLE LISTING
------ ----- -------


N A M E             T Y P E  V A L U E   ATTRIBUTES             REFERENCES

P3 . . . . . . . .  D ADDR   00B0H   A                          7 
TF0. . . . . . . .  B ADDR   0088H.5 A                          23 26 
TH0. . . . . . . .  D ADDR   008CH   A                          19 
TL0. . . . . . . .  D ADDR   008AH   A                          20 
DEBUT. . . . . . .  C ADDR   0030H   A                          11 15# 
TMOD . . . . . . .  D ADDR   0089H   A                          15 
ATTENTE. . . . . .  C ADDR   003BH   A                          23# 
LED. . . . . . . .  B ADDR   00B0H.0 A                          7# 24 
TR0. . . . . . . .  B ADDR   0088H.4 A                          21 25 
BOUCLE . . . . . .  C ADDR   0033H   A                          18# 27 
FIN. . . . . . . .  C ADDR   0046H   A                          28# 



MODULE INFORMATION:   STATIC OVERLAYABLE
   CODE SIZE        =     24    ----
   XDATA SIZE       =   ----    ----
   DATA SIZE        =   ----    ----
   IDATA SIZE       =   ----    ----
   BIT SIZE         =   ----    ----
END OF MODULE INFORMATION.


REGISTER BANK(S) USED : 0 

ASSEMBLY COMPLETE.   0 WARNING(S)   0 ERROR(S)
